<?xml version="1.0" encoding="UTF-8"?>
<!-- Generated by org.testng.reporters.JUnitXMLReporter -->
<testsuite ignored="9" hostname="BINTERNS-QA47L" failures="0" tests="1" name="Default test" time="21.159" errors="0" timestamp="2023-05-09T12:13:54 IST">
  <testcase classname="UBERTESTCASE.HomepageTest1" name="ridenow" time="0.974"/>
  <testcase classname="UBERTESTCASE.HomepageTest1" name="menu" time="0.0">
    <ignored/>
  </testcase> <!-- menu -->
  <testcase classname="UBERTESTCASE.HomepageTest1" name="charterbt" time="0.0">
    <ignored/>
  </testcase> <!-- charterbt -->
  <testcase classname="UBERTESTCASE.HomepageTest1" name="wallets" time="0.0">
    <ignored/>
  </testcase> <!-- wallets -->
  <testcase classname="UBERTESTCASE.HomepageTest1" name="profilebtton" time="0.0">
    <ignored/>
  </testcase> <!-- profilebtton -->
  <testcase classname="UBERTESTCASE.HomepageTest1" name="Logo_visibilty" time="0.0">
    <ignored/>
  </testcase> <!-- Logo_visibilty -->
  <testcase classname="UBERTESTCASE.HomepageTest1" name="promoss" time="0.0">
    <ignored/>
  </testcase> <!-- promoss -->
  <testcase classname="UBERTESTCASE.HomepageTest1" name="supportbt" time="0.0">
    <ignored/>
  </testcase> <!-- supportbt -->
  <testcase classname="UBERTESTCASE.HomepageTest1" name="helpbt" time="0.0">
    <ignored/>
  </testcase> <!-- helpbt -->
  <testcase classname="UBERTESTCASE.HomepageTest1" name="my" time="0.0">
    <ignored/>
  </testcase> <!-- my -->
</testsuite> <!-- Default test -->
