<?xml version="1.0" encoding="UTF-8"?>
<testng-results ignored="9" total="10" passed="1" failed="0" skipped="0">
  <reporter-output>
  </reporter-output>
  <suite started-at="2023-05-09T12:13:33 IST" name="Default suite" finished-at="2023-05-09T12:13:54 IST" duration-ms="21159">
    <groups>
    </groups>
    <test started-at="2023-05-09T12:13:33 IST" name="Default test" finished-at="2023-05-09T12:13:54 IST" duration-ms="21159">
      <class name="UBERTESTCASE.HomepageTest1">
        <test-method is-config="true" signature="x()[pri:0, instance:UBERTESTCASE.HomepageTest1@8f2ef19]" started-at="2023-05-09T12:13:33 IST" name="x" finished-at="2023-05-09T12:13:33 IST" duration-ms="107" status="PASS">
          <reporter-output>
          </reporter-output>
        </test-method> <!-- x -->
        <test-method is-config="true" signature="lau()[pri:0, instance:UBERTESTCASE.HomepageTest1@8f2ef19]" started-at="2023-05-09T12:13:33 IST" name="lau" finished-at="2023-05-09T12:13:53 IST" duration-ms="19871" status="PASS">
          <reporter-output>
          </reporter-output>
        </test-method> <!-- lau -->
        <test-method signature="ridenow()[pri:1, instance:UBERTESTCASE.HomepageTest1@8f2ef19]" started-at="2023-05-09T12:13:53 IST" name="ridenow" finished-at="2023-05-09T12:13:54 IST" duration-ms="974" status="PASS">
          <reporter-output>
          </reporter-output>
        </test-method> <!-- ridenow -->
        <test-method is-config="true" signature="y()[pri:0, instance:UBERTESTCASE.HomepageTest1@8f2ef19]" started-at="2023-05-09T12:13:54 IST" name="y" finished-at="2023-05-09T12:13:54 IST" duration-ms="174" status="PASS">
          <reporter-output>
          </reporter-output>
        </test-method> <!-- y -->
      </class> <!-- UBERTESTCASE.HomepageTest1 -->
    </test> <!-- Default test -->
  </suite> <!-- Default suite -->
</testng-results>
